<?xml version="1.0" encoding="UTF-8"?>
<!-- Generated by org.testng.reporters.JUnitReportReporter -->
<testsuite skipped="2" hostname="PHSPL-220" name="com.org.restapi.SampleTest.HomePage" tests="3" failures="0" timestamp="30 Dec 2019 12:10:31 GMT" time="38.159" errors="0">
  <testcase name="clicksearch" time="38.159" classname="com.org.restapi.SampleTest.HomePage"/>
  <testcase name="checkHOmePagetittle" classname="com.org.restapi.SampleTest.HomePage">
    <skipped/>
  </testcase> <!-- checkHOmePagetittle -->
  <testcase name="redirectoservice" classname="com.org.restapi.SampleTest.HomePage">
    <skipped/>
  </testcase> <!-- redirectoservice -->
</testsuite> <!-- com.org.restapi.SampleTest.HomePage -->
